# JRE version: OpenJDK Runtime Environment (8.0_161-b14) (build 1.8.0_161-debug-b14)
# Java VM: OpenJDK 64-Bit Server VM (25.161-b14-debug mixed mode linux-amd64 compressed oops)
Heap:
 garbage-first heap   total 262144K, used 26472K [0x00000000c0000000, 0x00000000c0100800, 0x0000000100000000)
  region size 1024K, 14 young (14336K), 6 survivors (6144K)
 Metaspace       used 21500K, capacity 23530K, committed 23680K, reserved 1071104K
  class space    used 2273K, capacity 2870K, committed 2944K, reserved 1048576K
GC Heap History (10 events):
Event: 1.663 GC heap before
{Heap before GC invocations=0 (full 0):
 garbage-first heap   total 262144K, used 24576K [0x00000000c0000000, 0x00000000c0100800, 0x0000000100000000)
  region size 1024K, 24 young (24576K), 0 survivors (0K)
 Metaspace       used 7949K, capacity 8116K, committed 8320K, reserved 1056768K
  class space    used 767K, capacity 791K, committed 896K, reserved 1048576K
Event: 1.757 GC heap after
Heap after GC invocations=1 (full 0):
 garbage-first heap   total 262144K, used 10285K [0x00000000c0000000, 0x00000000c0100800, 0x0000000100000000)
  region size 1024K, 3 young (3072K), 3 survivors (3072K)
 Metaspace       used 7949K, capacity 8116K, committed 8320K, reserved 1056768K
  class space    used 767K, capacity 791K, committed 896K, reserved 1048576K
}
Event: 2.286 GC heap before
{Heap before GC invocations=1 (full 0):
 garbage-first heap   total 262144K, used 19501K [0x00000000c0000000, 0x00000000c0100800, 0x0000000100000000)
  region size 1024K, 12 young (12288K), 3 survivors (3072K)
 Metaspace       used 9412K, capacity 9528K, committed 9728K, reserved 1058816K
  class space    used 928K, capacity 961K, committed 1024K, reserved 1048576K
Event: 2.364 GC heap after
Heap after GC invocations=2 (full 0):
 garbage-first heap   total 262144K, used 15872K [0x00000000c0000000, 0x00000000c0100800, 0x0000000100000000)
  region size 1024K, 2 young (2048K), 2 survivors (2048K)
 Metaspace       used 9412K, capacity 9528K, committed 9728K, reserved 1058816K
  class space    used 928K, capacity 961K, committed 1024K, reserved 1048576K
}
Event: 2.790 GC heap before
{Heap before GC invocations=2 (full 0):
 garbage-first heap   total 262144K, used 26112K [0x00000000c0000000, 0x00000000c0100800, 0x0000000100000000)
  region size 1024K, 12 young (12288K), 2 survivors (2048K)
 Metaspace       used 10400K, capacity 10842K, committed 10880K, reserved 1058816K
  class space    used 1033K, capacity 1123K, committed 1152K, reserved 1048576K
Event: 2.816 GC heap after
Heap after GC invocations=3 (full 0):
 garbage-first heap   total 262144K, used 16384K [0x00000000c0000000, 0x00000000c0100800, 0x0000000100000000)
  region size 1024K, 2 young (2048K), 2 survivors (2048K)
 Metaspace       used 10400K, capacity 10842K, committed 10880K, reserved 1058816K
  class space    used 1033K, capacity 1123K, committed 1152K, reserved 1048576K
}
Event: 5.944 GC heap before
{Heap before GC invocations=3 (full 0):
 garbage-first heap   total 262144K, used 102368K [0x00000000c0000000, 0x00000000c0100800, 0x0000000100000000)
  region size 1024K, 40 young (40960K), 2 survivors (2048K)
 Metaspace       used 18862K, capacity 20656K, committed 20864K, reserved 1067008K
  class space    used 1888K, capacity 2403K, committed 2432K, reserved 1048576K
Event: 6.016 GC heap after
Heap after GC invocations=4 (full 0):
 garbage-first heap   total 262144K, used 25561K [0x00000000c0000000, 0x00000000c0100800, 0x0000000100000000)
  region size 1024K, 5 young (5120K), 5 survivors (5120K)
 Metaspace       used 18862K, capacity 20656K, committed 20864K, reserved 1067008K
  class space    used 1888K, capacity 2403K, committed 2432K, reserved 1048576K
}
Event: 6.422 GC heap before
{Heap before GC invocations=4 (full 0):
 garbage-first heap   total 262144K, used 55322K [0x00000000c0000000, 0x00000000c0100800, 0x0000000100000000)
  region size 1024K, 16 young (16384K), 5 survivors (5120K)
 Metaspace       used 19342K, capacity 21078K, committed 21248K, reserved 1069056K
  class space    used 1931K, capacity 2438K, committed 2560K, reserved 1048576K
Event: 6.470 GC heap after
Heap after GC invocations=5 (full 0):
 garbage-first heap   total 262144K, used 25040K [0x00000000c0000000, 0x00000000c0100800, 0x0000000100000000)
  region size 1024K, 6 young (6144K), 6 survivors (6144K)
 Metaspace       used 19342K, capacity 21078K, committed 21248K, reserved 1069056K
  class space    used 1931K, capacity 2438K, committed 2560K, reserved 1048576K
}

